2024-03-10 23:56:01,276 DEBUG:?:? - data\dynamic_resource_bundle.properties, does not exist
2024-03-10 23:56:01,465 DEBUG:?:? - Starting to listen
2024-03-10 23:56:02,048 DEBUG:?:? - Could not auto detect proxy settings
2024-03-10 23:56:02,053 DEBUG:?:? - XILINX_URL is set to  http://www.xilinx.com/direct/swhelp
2024-03-10 23:56:02,064 DEBUG:?:? - Will download http://www.xilinx.com/direct/swhelp/installClientInfo.dat
2024-03-10 23:56:02,064 DEBUG:?:? - Download to C:\Users\Sudha\AppData\Local\Temp\1710095162048\installClientInfo.dat
2024-03-10 23:56:02,064 DEBUG:?:? - File not exists or incomplete file C:\Users\Sudha\AppData\Local\Temp\1710095162048\installClientInfo.dat,  deleting and starting download from scratch.
2024-03-10 23:56:02,080 DEBUG:?:? - http download: http://www.xilinx.com/direct/swhelp/installClientInfo.dat
2024-03-12 16:44:19,049 DEBUG:?:? - data\dynamic_resource_bundle.properties, does not exist
2024-03-12 16:44:19,361 DEBUG:?:? - Starting to listen
2024-03-12 16:44:19,595 DEBUG:?:? - Could not auto detect proxy settings
2024-03-12 16:44:19,595 DEBUG:?:? - XILINX_URL is set to  http://www.xilinx.com/direct/swhelp
2024-03-12 16:44:19,611 DEBUG:?:? - Will download http://www.xilinx.com/direct/swhelp/installClientInfo.dat
2024-03-12 16:44:19,611 DEBUG:?:? - Download to C:\Users\Sudha\AppData\Local\Temp\1710242059595\installClientInfo.dat
2024-03-12 16:44:19,611 DEBUG:?:? - File not exists or incomplete file C:\Users\Sudha\AppData\Local\Temp\1710242059595\installClientInfo.dat,  deleting and starting download from scratch.
2024-03-12 16:44:19,627 DEBUG:?:? - http download: http://www.xilinx.com/direct/swhelp/installClientInfo.dat
2024-03-12 16:44:20,377 DEBUG:?:? - There is an error while downloading file: http://www.xilinx.com/direct/swhelp/installClientInfo.dat
java.io.IOException: Stream Closed
	at java.base/java.io.FileOutputStream.writeBytes(Native Method)
	at java.base/java.io.FileOutputStream.write(Unknown Source)
	at java.base/java.io.BufferedOutputStream.flushBuffer(Unknown Source)
	at java.base/java.io.BufferedOutputStream.flush(Unknown Source)
	at k.l.a(Unknown Source)
	at k.l.c(Unknown Source)
	at k.b.m(Unknown Source)
	at k.b.b(Unknown Source)
	at k.b.h(Unknown Source)
	at com.xilinx.xic.R.run(Unknown Source)
2024-03-12 16:44:20,377 DEBUG:?:? - Checking error to find out what to do with it.
k.f: There is an error while downloading file: http://www.xilinx.com/direct/swhelp/installClientInfo.dat
	at k.l.a(Unknown Source)
	at k.l.c(Unknown Source)
	at k.b.m(Unknown Source)
	at k.b.b(Unknown Source)
	at k.b.h(Unknown Source)
	at com.xilinx.xic.R.run(Unknown Source)
2024-03-12 16:44:20,377 DEBUG:?:? - Unknown host exception: Proxy host is null!
2024-03-12 16:44:20,377 DEBUG:?:? - Reset proxy to direct connect
2024-03-12 16:44:20,377 DEBUG:?:? - Download to C:\Users\Sudha\AppData\Local\Temp\1710242060377\installClientInfo.dat
2024-03-12 16:44:20,377 DEBUG:?:? - File not exists or incomplete file C:\Users\Sudha\AppData\Local\Temp\1710242060377\installClientInfo.dat,  deleting and starting download from scratch.
2024-03-12 16:44:20,377 DEBUG:?:? - http download: http://www.xilinx.com/direct/swhelp/installClientInfo.dat
2024-03-14 06:09:50,381 DEBUG:?:? - data\dynamic_resource_bundle.properties, does not exist
2024-03-14 06:09:50,587 DEBUG:?:? - Starting to listen
2024-03-14 06:09:50,885 DEBUG:?:? - Could not auto detect proxy settings
2024-03-14 06:09:50,885 DEBUG:?:? - XILINX_URL is set to  http://www.xilinx.com/direct/swhelp
2024-03-14 06:09:50,899 DEBUG:?:? - Will download http://www.xilinx.com/direct/swhelp/installClientInfo.dat
2024-03-14 06:09:50,899 DEBUG:?:? - Download to C:\Users\Sudha\AppData\Local\Temp\1710376790885\installClientInfo.dat
2024-03-14 06:09:50,899 DEBUG:?:? - File not exists or incomplete file C:\Users\Sudha\AppData\Local\Temp\1710376790885\installClientInfo.dat,  deleting and starting download from scratch.
2024-03-14 06:09:50,916 DEBUG:?:? - http download: http://www.xilinx.com/direct/swhelp/installClientInfo.dat
2024-03-14 06:09:50,916 DEBUG:?:? - Checking error to find out what to do with it.
k.e: UnknownHostException/NoRouteToHostException: http://www.xilinx.com/direct/swhelp/installClientInfo.dat
	at k.l.l(Unknown Source)
	at k.l.c(Unknown Source)
	at k.b.m(Unknown Source)
	at k.b.b(Unknown Source)
	at k.b.h(Unknown Source)
	at com.xilinx.xic.R.run(Unknown Source)
2024-03-14 06:09:50,916 ERROR:?:? - UnknownHostException/NoRouteToHostException: http://www.xilinx.com/direct/swhelp/installClientInfo.dat
2024-03-14 06:09:50,916 DEBUG:?:? - Unknown host exception: Proxy host is null!
2024-03-14 06:09:50,931 DEBUG:?:? - Reset proxy to direct connect
2024-03-14 06:09:50,931 DEBUG:?:? - Download to C:\Users\Sudha\AppData\Local\Temp\1710376790931\installClientInfo.dat
2024-03-14 06:09:50,931 DEBUG:?:? - File not exists or incomplete file C:\Users\Sudha\AppData\Local\Temp\1710376790931\installClientInfo.dat,  deleting and starting download from scratch.
2024-03-14 06:09:50,931 DEBUG:?:? - http download: http://www.xilinx.com/direct/swhelp/installClientInfo.dat
2024-03-14 06:09:50,931 DEBUG:?:? - Checking error to find out what to do with it.
k.e: UnknownHostException/NoRouteToHostException: http://www.xilinx.com/direct/swhelp/installClientInfo.dat
	at k.l.l(Unknown Source)
	at k.l.c(Unknown Source)
	at k.b.m(Unknown Source)
	at k.b.a(Unknown Source)
	at k.b.h(Unknown Source)
	at com.xilinx.xic.R.run(Unknown Source)
2024-03-14 06:09:50,931 ERROR:?:? - UnknownHostException/NoRouteToHostException: http://www.xilinx.com/direct/swhelp/installClientInfo.dat
2024-03-18 16:47:27,868 DEBUG:?:? - data\dynamic_resource_bundle.properties, does not exist
2024-03-18 16:47:28,040 DEBUG:?:? - Starting to listen
2024-03-18 16:47:28,430 DEBUG:?:? - Could not auto detect proxy settings
2024-03-18 16:47:28,446 DEBUG:?:? - XILINX_URL is set to  http://www.xilinx.com/direct/swhelp
2024-03-18 16:47:28,446 DEBUG:?:? - Will download http://www.xilinx.com/direct/swhelp/installClientInfo.dat
2024-03-18 16:47:28,446 DEBUG:?:? - Download to C:\Users\Sudha\AppData\Local\Temp\1710760648446\installClientInfo.dat
2024-03-18 16:47:28,446 DEBUG:?:? - File not exists or incomplete file C:\Users\Sudha\AppData\Local\Temp\1710760648446\installClientInfo.dat,  deleting and starting download from scratch.
2024-03-18 16:47:28,477 DEBUG:?:? - http download: http://www.xilinx.com/direct/swhelp/installClientInfo.dat
2024-03-18 22:52:09,507 DEBUG:?:? - data\dynamic_resource_bundle.properties, does not exist
2024-03-18 22:52:09,882 DEBUG:?:? - Starting to listen
2024-03-18 22:52:10,283 DEBUG:?:? - Could not auto detect proxy settings
2024-03-18 22:52:10,291 DEBUG:?:? - XILINX_URL is set to  http://www.xilinx.com/direct/swhelp
2024-03-18 22:52:10,307 DEBUG:?:? - Will download http://www.xilinx.com/direct/swhelp/installClientInfo.dat
2024-03-18 22:52:10,307 DEBUG:?:? - Download to C:\Users\Sudha\AppData\Local\Temp\1710782530291\installClientInfo.dat
2024-03-18 22:52:10,307 DEBUG:?:? - File not exists or incomplete file C:\Users\Sudha\AppData\Local\Temp\1710782530291\installClientInfo.dat,  deleting and starting download from scratch.
2024-03-18 22:52:10,365 DEBUG:?:? - http download: http://www.xilinx.com/direct/swhelp/installClientInfo.dat
2024-03-19 19:17:17,708 DEBUG:?:? - data\dynamic_resource_bundle.properties, does not exist
2024-03-19 19:17:17,880 DEBUG:?:? - Starting to listen
2024-03-19 19:17:18,052 DEBUG:?:? - Could not auto detect proxy settings
2024-03-19 19:17:18,068 DEBUG:?:? - XILINX_URL is set to  http://www.xilinx.com/direct/swhelp
2024-03-19 19:17:18,068 DEBUG:?:? - Will download http://www.xilinx.com/direct/swhelp/installClientInfo.dat
2024-03-19 19:17:18,068 DEBUG:?:? - Download to C:\Users\Sudha\AppData\Local\Temp\1710856038068\installClientInfo.dat
2024-03-19 19:17:18,068 DEBUG:?:? - File not exists or incomplete file C:\Users\Sudha\AppData\Local\Temp\1710856038068\installClientInfo.dat,  deleting and starting download from scratch.
2024-03-19 19:17:18,083 DEBUG:?:? - http download: http://www.xilinx.com/direct/swhelp/installClientInfo.dat
2024-03-19 22:50:42,705 DEBUG:?:? - data\dynamic_resource_bundle.properties, does not exist
2024-03-19 22:50:42,892 DEBUG:?:? - Starting to listen
2024-03-19 22:50:43,096 DEBUG:?:? - Could not auto detect proxy settings
2024-03-19 22:50:43,111 DEBUG:?:? - XILINX_URL is set to  http://www.xilinx.com/direct/swhelp
2024-03-19 22:50:43,118 DEBUG:?:? - Will download http://www.xilinx.com/direct/swhelp/installClientInfo.dat
2024-03-19 22:50:43,118 DEBUG:?:? - Download to C:\Users\Sudha\AppData\Local\Temp\1710868843096\installClientInfo.dat
2024-03-19 22:50:43,119 DEBUG:?:? - File not exists or incomplete file C:\Users\Sudha\AppData\Local\Temp\1710868843096\installClientInfo.dat,  deleting and starting download from scratch.
2024-03-19 22:50:43,133 DEBUG:?:? - http download: http://www.xilinx.com/direct/swhelp/installClientInfo.dat
2024-03-30 03:32:49,495 DEBUG:?:? - data\dynamic_resource_bundle.properties, does not exist
2024-03-30 03:32:49,737 DEBUG:?:? - Starting to listen
2024-03-30 03:32:49,941 DEBUG:?:? - Could not auto detect proxy settings
2024-03-30 03:32:49,941 DEBUG:?:? - XILINX_URL is set to  http://www.xilinx.com/direct/swhelp
2024-03-30 03:32:49,941 DEBUG:?:? - Will download http://www.xilinx.com/direct/swhelp/installClientInfo.dat
2024-03-30 03:32:49,941 DEBUG:?:? - Download to C:\Users\Sudha\AppData\Local\Temp\1711749769941\installClientInfo.dat
2024-03-30 03:32:49,941 DEBUG:?:? - File not exists or incomplete file C:\Users\Sudha\AppData\Local\Temp\1711749769941\installClientInfo.dat,  deleting and starting download from scratch.
2024-03-30 03:32:49,956 DEBUG:?:? - http download: http://www.xilinx.com/direct/swhelp/installClientInfo.dat
2024-03-30 03:32:49,972 DEBUG:?:? - Checking error to find out what to do with it.
k.e: UnknownHostException/NoRouteToHostException: http://www.xilinx.com/direct/swhelp/installClientInfo.dat
	at k.l.l(Unknown Source)
	at k.l.c(Unknown Source)
	at k.b.m(Unknown Source)
	at k.b.b(Unknown Source)
	at k.b.h(Unknown Source)
	at com.xilinx.xic.R.run(Unknown Source)
2024-03-30 03:32:49,972 ERROR:?:? - UnknownHostException/NoRouteToHostException: http://www.xilinx.com/direct/swhelp/installClientInfo.dat
2024-03-30 03:32:49,972 DEBUG:?:? - Unknown host exception: Proxy host is null!
2024-03-30 03:32:49,972 DEBUG:?:? - Reset proxy to direct connect
2024-03-30 03:32:49,972 DEBUG:?:? - Download to C:\Users\Sudha\AppData\Local\Temp\1711749769972\installClientInfo.dat
2024-03-30 03:32:49,972 DEBUG:?:? - File not exists or incomplete file C:\Users\Sudha\AppData\Local\Temp\1711749769972\installClientInfo.dat,  deleting and starting download from scratch.
2024-03-30 03:32:49,972 DEBUG:?:? - http download: http://www.xilinx.com/direct/swhelp/installClientInfo.dat
2024-03-30 03:32:49,972 DEBUG:?:? - Checking error to find out what to do with it.
k.e: UnknownHostException/NoRouteToHostException: http://www.xilinx.com/direct/swhelp/installClientInfo.dat
	at k.l.l(Unknown Source)
	at k.l.c(Unknown Source)
	at k.b.m(Unknown Source)
	at k.b.a(Unknown Source)
	at k.b.h(Unknown Source)
	at com.xilinx.xic.R.run(Unknown Source)
2024-03-30 03:32:49,972 ERROR:?:? - UnknownHostException/NoRouteToHostException: http://www.xilinx.com/direct/swhelp/installClientInfo.dat
2024-03-30 19:04:57,753 DEBUG:?:? - data\dynamic_resource_bundle.properties, does not exist
2024-03-30 19:04:57,878 DEBUG:?:? - Starting to listen
2024-03-30 19:04:57,972 DEBUG:?:? - Could not auto detect proxy settings
2024-03-30 19:04:57,972 DEBUG:?:? - XILINX_URL is set to  http://www.xilinx.com/direct/swhelp
2024-03-30 19:04:57,972 DEBUG:?:? - Will download http://www.xilinx.com/direct/swhelp/installClientInfo.dat
2024-03-30 19:04:57,972 DEBUG:?:? - Download to C:\Users\Sudha\AppData\Local\Temp\1711805697972\installClientInfo.dat
2024-03-30 19:04:57,972 DEBUG:?:? - File not exists or incomplete file C:\Users\Sudha\AppData\Local\Temp\1711805697972\installClientInfo.dat,  deleting and starting download from scratch.
2024-03-30 19:04:57,988 DEBUG:?:? - http download: http://www.xilinx.com/direct/swhelp/installClientInfo.dat
2024-03-30 19:04:57,988 DEBUG:?:? - Checking error to find out what to do with it.
k.e: UnknownHostException/NoRouteToHostException: http://www.xilinx.com/direct/swhelp/installClientInfo.dat
	at k.l.l(Unknown Source)
	at k.l.c(Unknown Source)
	at k.b.m(Unknown Source)
	at k.b.b(Unknown Source)
	at k.b.h(Unknown Source)
	at com.xilinx.xic.R.run(Unknown Source)
2024-03-30 19:04:57,988 ERROR:?:? - UnknownHostException/NoRouteToHostException: http://www.xilinx.com/direct/swhelp/installClientInfo.dat
2024-03-30 19:04:57,997 DEBUG:?:? - Unknown host exception: Proxy host is null!
2024-03-30 19:04:57,997 DEBUG:?:? - Reset proxy to direct connect
2024-03-30 19:04:57,997 DEBUG:?:? - Download to C:\Users\Sudha\AppData\Local\Temp\1711805697997\installClientInfo.dat
2024-03-30 19:04:57,997 DEBUG:?:? - File not exists or incomplete file C:\Users\Sudha\AppData\Local\Temp\1711805697997\installClientInfo.dat,  deleting and starting download from scratch.
2024-03-30 19:04:57,997 DEBUG:?:? - http download: http://www.xilinx.com/direct/swhelp/installClientInfo.dat
2024-03-30 19:04:57,997 DEBUG:?:? - Checking error to find out what to do with it.
k.e: UnknownHostException/NoRouteToHostException: http://www.xilinx.com/direct/swhelp/installClientInfo.dat
	at k.l.l(Unknown Source)
	at k.l.c(Unknown Source)
	at k.b.m(Unknown Source)
	at k.b.a(Unknown Source)
	at k.b.h(Unknown Source)
	at com.xilinx.xic.R.run(Unknown Source)
2024-03-30 19:04:57,997 ERROR:?:? - UnknownHostException/NoRouteToHostException: http://www.xilinx.com/direct/swhelp/installClientInfo.dat
2024-04-01 23:53:48,832 DEBUG:?:? - data\dynamic_resource_bundle.properties, does not exist
2024-04-01 23:53:49,113 DEBUG:?:? - Starting to listen
2024-04-01 23:53:49,379 DEBUG:?:? - Could not auto detect proxy settings
2024-04-01 23:53:49,394 DEBUG:?:? - XILINX_URL is set to  http://www.xilinx.com/direct/swhelp
2024-04-01 23:53:49,394 DEBUG:?:? - Will download http://www.xilinx.com/direct/swhelp/installClientInfo.dat
2024-04-01 23:53:49,394 DEBUG:?:? - Download to C:\Users\Sudha\AppData\Local\Temp\1711995829379\installClientInfo.dat
2024-04-01 23:53:49,394 DEBUG:?:? - File not exists or incomplete file C:\Users\Sudha\AppData\Local\Temp\1711995829379\installClientInfo.dat,  deleting and starting download from scratch.
2024-04-01 23:53:49,426 DEBUG:?:? - http download: http://www.xilinx.com/direct/swhelp/installClientInfo.dat
2024-04-05 14:09:09,722 DEBUG:?:? - data\dynamic_resource_bundle.properties, does not exist
2024-04-05 14:09:09,942 DEBUG:?:? - Starting to listen
2024-04-05 14:09:10,192 DEBUG:?:? - Could not auto detect proxy settings
2024-04-05 14:09:10,192 DEBUG:?:? - XILINX_URL is set to  http://www.xilinx.com/direct/swhelp
2024-04-05 14:09:10,202 DEBUG:?:? - Will download http://www.xilinx.com/direct/swhelp/installClientInfo.dat
2024-04-05 14:09:10,202 DEBUG:?:? - Download to C:\Users\Sudha\AppData\Local\Temp\1712306350192\installClientInfo.dat
2024-04-05 14:09:10,202 DEBUG:?:? - File not exists or incomplete file C:\Users\Sudha\AppData\Local\Temp\1712306350192\installClientInfo.dat,  deleting and starting download from scratch.
2024-04-05 14:09:10,222 DEBUG:?:? - http download: http://www.xilinx.com/direct/swhelp/installClientInfo.dat
2024-04-12 05:46:41,020 DEBUG:?:? - data\dynamic_resource_bundle.properties, does not exist
2024-04-12 05:46:41,555 DEBUG:?:? - Starting to listen
2024-04-12 05:46:41,957 DEBUG:?:? - Could not auto detect proxy settings
2024-04-12 05:46:41,966 DEBUG:?:? - XILINX_URL is set to  http://www.xilinx.com/direct/swhelp
2024-04-12 05:46:41,980 DEBUG:?:? - Will download http://www.xilinx.com/direct/swhelp/installClientInfo.dat
2024-04-12 05:46:41,983 DEBUG:?:? - Download to C:\Users\Sudha\AppData\Local\Temp\1712881001959\installClientInfo.dat
2024-04-12 05:46:41,984 DEBUG:?:? - File not exists or incomplete file C:\Users\Sudha\AppData\Local\Temp\1712881001959\installClientInfo.dat,  deleting and starting download from scratch.
2024-04-12 05:46:42,014 DEBUG:?:? - http download: http://www.xilinx.com/direct/swhelp/installClientInfo.dat
2024-04-12 05:46:42,028 DEBUG:?:? - Checking error to find out what to do with it.
k.e: UnknownHostException/NoRouteToHostException: http://www.xilinx.com/direct/swhelp/installClientInfo.dat
	at k.l.l(Unknown Source)
	at k.l.c(Unknown Source)
	at k.b.m(Unknown Source)
	at k.b.b(Unknown Source)
	at k.b.h(Unknown Source)
	at com.xilinx.xic.R.run(Unknown Source)
2024-04-12 05:46:42,030 ERROR:?:? - UnknownHostException/NoRouteToHostException: http://www.xilinx.com/direct/swhelp/installClientInfo.dat
2024-04-12 05:46:42,030 DEBUG:?:? - Unknown host exception: Proxy host is null!
2024-04-12 05:46:42,035 DEBUG:?:? - Reset proxy to direct connect
2024-04-12 05:46:42,038 DEBUG:?:? - Download to C:\Users\Sudha\AppData\Local\Temp\1712881002036\installClientInfo.dat
2024-04-12 05:46:42,038 DEBUG:?:? - File not exists or incomplete file C:\Users\Sudha\AppData\Local\Temp\1712881002036\installClientInfo.dat,  deleting and starting download from scratch.
2024-04-12 05:46:42,040 DEBUG:?:? - http download: http://www.xilinx.com/direct/swhelp/installClientInfo.dat
2024-04-12 05:46:42,041 DEBUG:?:? - Checking error to find out what to do with it.
k.e: UnknownHostException/NoRouteToHostException: http://www.xilinx.com/direct/swhelp/installClientInfo.dat
	at k.l.l(Unknown Source)
	at k.l.c(Unknown Source)
	at k.b.m(Unknown Source)
	at k.b.a(Unknown Source)
	at k.b.h(Unknown Source)
	at com.xilinx.xic.R.run(Unknown Source)
2024-04-12 05:46:42,041 ERROR:?:? - UnknownHostException/NoRouteToHostException: http://www.xilinx.com/direct/swhelp/installClientInfo.dat
2024-04-17 09:25:23,073 DEBUG:?:? - data\dynamic_resource_bundle.properties, does not exist
2024-04-17 09:25:23,273 DEBUG:?:? - Starting to listen
2024-04-17 09:25:23,481 DEBUG:?:? - Could not auto detect proxy settings
2024-04-17 09:25:23,481 DEBUG:?:? - XILINX_URL is set to  http://www.xilinx.com/direct/swhelp
2024-04-17 09:25:23,491 DEBUG:?:? - Will download http://www.xilinx.com/direct/swhelp/installClientInfo.dat
2024-04-17 09:25:23,491 DEBUG:?:? - Download to C:\Users\Sudha\AppData\Local\Temp\1713326123481\installClientInfo.dat
2024-04-17 09:25:23,491 DEBUG:?:? - File not exists or incomplete file C:\Users\Sudha\AppData\Local\Temp\1713326123481\installClientInfo.dat,  deleting and starting download from scratch.
2024-04-17 09:25:23,501 DEBUG:?:? - http download: http://www.xilinx.com/direct/swhelp/installClientInfo.dat
2024-04-19 00:22:31,033 DEBUG:?:? - data\dynamic_resource_bundle.properties, does not exist
2024-04-19 00:22:31,253 DEBUG:?:? - Starting to listen
2024-04-19 00:22:31,503 DEBUG:?:? - Could not auto detect proxy settings
2024-04-19 00:22:31,513 DEBUG:?:? - XILINX_URL is set to  http://www.xilinx.com/direct/swhelp
2024-04-19 00:22:31,513 DEBUG:?:? - Will download http://www.xilinx.com/direct/swhelp/installClientInfo.dat
2024-04-19 00:22:31,523 DEBUG:?:? - Download to C:\Users\Sudha\AppData\Local\Temp\1713466351503\installClientInfo.dat
2024-04-19 00:22:31,523 DEBUG:?:? - File not exists or incomplete file C:\Users\Sudha\AppData\Local\Temp\1713466351503\installClientInfo.dat,  deleting and starting download from scratch.
2024-04-19 00:22:31,533 DEBUG:?:? - http download: http://www.xilinx.com/direct/swhelp/installClientInfo.dat
2024-04-19 00:22:31,553 DEBUG:?:? - Checking error to find out what to do with it.
k.e: UnknownHostException/NoRouteToHostException: http://www.xilinx.com/direct/swhelp/installClientInfo.dat
	at k.l.l(Unknown Source)
	at k.l.c(Unknown Source)
	at k.b.m(Unknown Source)
	at k.b.b(Unknown Source)
	at k.b.h(Unknown Source)
	at com.xilinx.xic.R.run(Unknown Source)
2024-04-19 00:22:31,553 ERROR:?:? - UnknownHostException/NoRouteToHostException: http://www.xilinx.com/direct/swhelp/installClientInfo.dat
2024-04-19 00:22:31,553 DEBUG:?:? - Unknown host exception: Proxy host is null!
2024-04-19 00:22:31,553 DEBUG:?:? - Reset proxy to direct connect
2024-04-19 00:22:31,563 DEBUG:?:? - Download to C:\Users\Sudha\AppData\Local\Temp\1713466351553\installClientInfo.dat
2024-04-19 00:22:31,563 DEBUG:?:? - File not exists or incomplete file C:\Users\Sudha\AppData\Local\Temp\1713466351553\installClientInfo.dat,  deleting and starting download from scratch.
2024-04-19 00:22:31,563 DEBUG:?:? - http download: http://www.xilinx.com/direct/swhelp/installClientInfo.dat
2024-04-19 00:22:31,563 DEBUG:?:? - Checking error to find out what to do with it.
k.e: UnknownHostException/NoRouteToHostException: http://www.xilinx.com/direct/swhelp/installClientInfo.dat
	at k.l.l(Unknown Source)
	at k.l.c(Unknown Source)
	at k.b.m(Unknown Source)
	at k.b.a(Unknown Source)
	at k.b.h(Unknown Source)
	at com.xilinx.xic.R.run(Unknown Source)
2024-04-19 00:22:31,563 ERROR:?:? - UnknownHostException/NoRouteToHostException: http://www.xilinx.com/direct/swhelp/installClientInfo.dat
2024-04-19 19:46:01,890 DEBUG:?:? - data\dynamic_resource_bundle.properties, does not exist
2024-04-19 19:46:02,179 DEBUG:?:? - Starting to listen
2024-04-19 19:46:02,501 DEBUG:?:? - Could not auto detect proxy settings
2024-04-19 19:46:02,508 DEBUG:?:? - XILINX_URL is set to  http://www.xilinx.com/direct/swhelp
2024-04-19 19:46:02,513 DEBUG:?:? - Will download http://www.xilinx.com/direct/swhelp/installClientInfo.dat
2024-04-19 19:46:02,513 DEBUG:?:? - Download to C:\Users\Sudha\AppData\Local\Temp\1713536162505\installClientInfo.dat
2024-04-19 19:46:02,514 DEBUG:?:? - File not exists or incomplete file C:\Users\Sudha\AppData\Local\Temp\1713536162505\installClientInfo.dat,  deleting and starting download from scratch.
2024-04-19 19:46:02,532 DEBUG:?:? - http download: http://www.xilinx.com/direct/swhelp/installClientInfo.dat
2024-04-20 19:14:05,863 DEBUG:?:? - data\dynamic_resource_bundle.properties, does not exist
2024-04-20 19:14:06,054 DEBUG:?:? - Starting to listen
2024-04-20 19:14:06,279 DEBUG:?:? - Could not auto detect proxy settings
2024-04-20 19:14:06,284 DEBUG:?:? - XILINX_URL is set to  http://www.xilinx.com/direct/swhelp
2024-04-20 19:14:06,290 DEBUG:?:? - Will download http://www.xilinx.com/direct/swhelp/installClientInfo.dat
2024-04-20 19:14:06,290 DEBUG:?:? - Download to C:\Users\Sudha\AppData\Local\Temp\1713620646280\installClientInfo.dat
2024-04-20 19:14:06,290 DEBUG:?:? - File not exists or incomplete file C:\Users\Sudha\AppData\Local\Temp\1713620646280\installClientInfo.dat,  deleting and starting download from scratch.
2024-04-20 19:14:06,311 DEBUG:?:? - http download: http://www.xilinx.com/direct/swhelp/installClientInfo.dat
2024-04-21 11:02:29,369 DEBUG:?:? - data\dynamic_resource_bundle.properties, does not exist
2024-04-21 11:02:29,539 DEBUG:?:? - Starting to listen
2024-04-21 11:02:29,709 DEBUG:?:? - Could not auto detect proxy settings
2024-04-21 11:02:29,719 DEBUG:?:? - XILINX_URL is set to  http://www.xilinx.com/direct/swhelp
2024-04-21 11:02:29,719 DEBUG:?:? - Will download http://www.xilinx.com/direct/swhelp/installClientInfo.dat
2024-04-21 11:02:29,719 DEBUG:?:? - Download to C:\Users\Sudha\AppData\Local\Temp\1713677549709\installClientInfo.dat
2024-04-21 11:02:29,719 DEBUG:?:? - File not exists or incomplete file C:\Users\Sudha\AppData\Local\Temp\1713677549709\installClientInfo.dat,  deleting and starting download from scratch.
2024-04-21 11:02:29,729 DEBUG:?:? - http download: http://www.xilinx.com/direct/swhelp/installClientInfo.dat
2024-04-21 11:02:29,739 DEBUG:?:? - Checking error to find out what to do with it.
k.e: UnknownHostException/NoRouteToHostException: http://www.xilinx.com/direct/swhelp/installClientInfo.dat
	at k.l.l(Unknown Source)
	at k.l.c(Unknown Source)
	at k.b.m(Unknown Source)
	at k.b.b(Unknown Source)
	at k.b.h(Unknown Source)
	at com.xilinx.xic.R.run(Unknown Source)
2024-04-21 11:02:29,739 ERROR:?:? - UnknownHostException/NoRouteToHostException: http://www.xilinx.com/direct/swhelp/installClientInfo.dat
2024-04-21 11:02:29,739 DEBUG:?:? - Unknown host exception: Proxy host is null!
2024-04-21 11:02:29,739 DEBUG:?:? - Reset proxy to direct connect
2024-04-21 11:02:29,749 DEBUG:?:? - Download to C:\Users\Sudha\AppData\Local\Temp\1713677549739\installClientInfo.dat
2024-04-21 11:02:29,749 DEBUG:?:? - File not exists or incomplete file C:\Users\Sudha\AppData\Local\Temp\1713677549739\installClientInfo.dat,  deleting and starting download from scratch.
2024-04-21 11:02:29,749 DEBUG:?:? - http download: http://www.xilinx.com/direct/swhelp/installClientInfo.dat
2024-04-21 11:02:29,749 DEBUG:?:? - Checking error to find out what to do with it.
k.e: UnknownHostException/NoRouteToHostException: http://www.xilinx.com/direct/swhelp/installClientInfo.dat
	at k.l.l(Unknown Source)
	at k.l.c(Unknown Source)
	at k.b.m(Unknown Source)
	at k.b.a(Unknown Source)
	at k.b.h(Unknown Source)
	at com.xilinx.xic.R.run(Unknown Source)
2024-04-21 11:02:29,749 ERROR:?:? - UnknownHostException/NoRouteToHostException: http://www.xilinx.com/direct/swhelp/installClientInfo.dat
2024-04-21 13:49:56,952 DEBUG:?:? - data\dynamic_resource_bundle.properties, does not exist
2024-04-21 13:49:57,132 DEBUG:?:? - Starting to listen
2024-04-21 13:49:57,332 DEBUG:?:? - Could not auto detect proxy settings
2024-04-21 13:49:57,342 DEBUG:?:? - XILINX_URL is set to  http://www.xilinx.com/direct/swhelp
2024-04-21 13:49:57,342 DEBUG:?:? - Will download http://www.xilinx.com/direct/swhelp/installClientInfo.dat
2024-04-21 13:49:57,342 DEBUG:?:? - Download to C:\Users\Sudha\AppData\Local\Temp\1713687597332\installClientInfo.dat
2024-04-21 13:49:57,342 DEBUG:?:? - File not exists or incomplete file C:\Users\Sudha\AppData\Local\Temp\1713687597332\installClientInfo.dat,  deleting and starting download from scratch.
2024-04-21 13:49:57,362 DEBUG:?:? - http download: http://www.xilinx.com/direct/swhelp/installClientInfo.dat
2024-05-08 05:58:33,522 DEBUG:?:? - data\dynamic_resource_bundle.properties, does not exist
2024-05-08 05:58:33,839 DEBUG:?:? - Starting to listen
2024-05-08 05:58:34,135 DEBUG:?:? - Could not auto detect proxy settings
2024-05-08 05:58:34,142 DEBUG:?:? - XILINX_URL is set to  http://www.xilinx.com/direct/swhelp
2024-05-08 05:58:34,149 DEBUG:?:? - Will download http://www.xilinx.com/direct/swhelp/installClientInfo.dat
2024-05-08 05:58:34,150 DEBUG:?:? - Download to C:\Users\Sudha\AppData\Local\Temp\1715128114136\installClientInfo.dat
2024-05-08 05:58:34,150 DEBUG:?:? - File not exists or incomplete file C:\Users\Sudha\AppData\Local\Temp\1715128114136\installClientInfo.dat,  deleting and starting download from scratch.
2024-05-08 05:58:34,178 DEBUG:?:? - http download: http://www.xilinx.com/direct/swhelp/installClientInfo.dat
2024-05-08 05:58:34,191 DEBUG:?:? - Checking error to find out what to do with it.
k.e: UnknownHostException/NoRouteToHostException: http://www.xilinx.com/direct/swhelp/installClientInfo.dat
	at k.l.l(Unknown Source)
	at k.l.c(Unknown Source)
	at k.b.m(Unknown Source)
	at k.b.b(Unknown Source)
	at k.b.h(Unknown Source)
	at com.xilinx.xic.R.run(Unknown Source)
2024-05-08 05:58:34,193 ERROR:?:? - UnknownHostException/NoRouteToHostException: http://www.xilinx.com/direct/swhelp/installClientInfo.dat
2024-05-08 05:58:34,195 DEBUG:?:? - Unknown host exception: Proxy host is null!
2024-05-08 05:58:34,201 DEBUG:?:? - Reset proxy to direct connect
2024-05-08 05:58:34,204 DEBUG:?:? - Download to C:\Users\Sudha\AppData\Local\Temp\1715128114202\installClientInfo.dat
2024-05-08 05:58:34,204 DEBUG:?:? - File not exists or incomplete file C:\Users\Sudha\AppData\Local\Temp\1715128114202\installClientInfo.dat,  deleting and starting download from scratch.
2024-05-08 05:58:34,206 DEBUG:?:? - http download: http://www.xilinx.com/direct/swhelp/installClientInfo.dat
2024-05-08 05:58:34,207 DEBUG:?:? - Checking error to find out what to do with it.
k.e: UnknownHostException/NoRouteToHostException: http://www.xilinx.com/direct/swhelp/installClientInfo.dat
	at k.l.l(Unknown Source)
	at k.l.c(Unknown Source)
	at k.b.m(Unknown Source)
	at k.b.a(Unknown Source)
	at k.b.h(Unknown Source)
	at com.xilinx.xic.R.run(Unknown Source)
2024-05-08 05:58:34,208 ERROR:?:? - UnknownHostException/NoRouteToHostException: http://www.xilinx.com/direct/swhelp/installClientInfo.dat
2024-05-08 18:57:00,885 DEBUG:?:? - data\dynamic_resource_bundle.properties, does not exist
2024-05-08 18:57:01,108 DEBUG:?:? - Starting to listen
2024-05-08 18:57:01,347 DEBUG:?:? - Could not auto detect proxy settings
2024-05-08 18:57:01,347 DEBUG:?:? - XILINX_URL is set to  http://www.xilinx.com/direct/swhelp
2024-05-08 18:57:01,357 DEBUG:?:? - Will download http://www.xilinx.com/direct/swhelp/installClientInfo.dat
2024-05-08 18:57:01,357 DEBUG:?:? - Download to C:\Users\Sudha\AppData\Local\Temp\1715174821347\installClientInfo.dat
2024-05-08 18:57:01,357 DEBUG:?:? - File not exists or incomplete file C:\Users\Sudha\AppData\Local\Temp\1715174821347\installClientInfo.dat,  deleting and starting download from scratch.
2024-05-08 18:57:01,377 DEBUG:?:? - http download: http://www.xilinx.com/direct/swhelp/installClientInfo.dat
2024-05-22 18:13:37,449 DEBUG:?:? - data\dynamic_resource_bundle.properties, does not exist
2024-05-22 18:13:37,720 DEBUG:?:? - Starting to listen
2024-05-22 18:13:37,971 DEBUG:?:? - Could not auto detect proxy settings
2024-05-22 18:13:37,981 DEBUG:?:? - XILINX_URL is set to  http://www.xilinx.com/direct/swhelp
2024-05-22 18:13:37,981 DEBUG:?:? - Will download http://www.xilinx.com/direct/swhelp/installClientInfo.dat
2024-05-22 18:13:37,981 DEBUG:?:? - Download to C:\Users\Sudha\AppData\Local\Temp\1716381817971\installClientInfo.dat
2024-05-22 18:13:37,991 DEBUG:?:? - File not exists or incomplete file C:\Users\Sudha\AppData\Local\Temp\1716381817971\installClientInfo.dat,  deleting and starting download from scratch.
2024-05-22 18:13:38,001 DEBUG:?:? - http download: http://www.xilinx.com/direct/swhelp/installClientInfo.dat
2024-05-22 18:13:38,011 DEBUG:?:? - Checking error to find out what to do with it.
k.e: UnknownHostException/NoRouteToHostException: http://www.xilinx.com/direct/swhelp/installClientInfo.dat
	at k.l.l(Unknown Source)
	at k.l.c(Unknown Source)
	at k.b.m(Unknown Source)
	at k.b.b(Unknown Source)
	at k.b.h(Unknown Source)
	at com.xilinx.xic.R.run(Unknown Source)
2024-05-22 18:13:38,011 ERROR:?:? - UnknownHostException/NoRouteToHostException: http://www.xilinx.com/direct/swhelp/installClientInfo.dat
2024-05-22 18:13:38,011 DEBUG:?:? - Unknown host exception: Proxy host is null!
2024-05-22 18:13:38,021 DEBUG:?:? - Reset proxy to direct connect
2024-05-22 18:13:38,021 DEBUG:?:? - Download to C:\Users\Sudha\AppData\Local\Temp\1716381818021\installClientInfo.dat
2024-05-22 18:13:38,021 DEBUG:?:? - File not exists or incomplete file C:\Users\Sudha\AppData\Local\Temp\1716381818021\installClientInfo.dat,  deleting and starting download from scratch.
2024-05-22 18:13:38,021 DEBUG:?:? - http download: http://www.xilinx.com/direct/swhelp/installClientInfo.dat
2024-05-22 18:13:38,021 DEBUG:?:? - Checking error to find out what to do with it.
k.e: UnknownHostException/NoRouteToHostException: http://www.xilinx.com/direct/swhelp/installClientInfo.dat
	at k.l.l(Unknown Source)
	at k.l.c(Unknown Source)
	at k.b.m(Unknown Source)
	at k.b.a(Unknown Source)
	at k.b.h(Unknown Source)
	at com.xilinx.xic.R.run(Unknown Source)
2024-05-22 18:13:38,021 ERROR:?:? - UnknownHostException/NoRouteToHostException: http://www.xilinx.com/direct/swhelp/installClientInfo.dat
2024-05-28 17:59:10,118 DEBUG:?:? - data\dynamic_resource_bundle.properties, does not exist
2024-05-28 17:59:10,341 DEBUG:?:? - Starting to listen
2024-05-28 17:59:10,614 DEBUG:?:? - Could not auto detect proxy settings
2024-05-28 17:59:10,624 DEBUG:?:? - XILINX_URL is set to  http://www.xilinx.com/direct/swhelp
2024-05-28 17:59:10,624 DEBUG:?:? - Will download http://www.xilinx.com/direct/swhelp/installClientInfo.dat
2024-05-28 17:59:10,624 DEBUG:?:? - Download to C:\Users\Sudha\AppData\Local\Temp\1716899350614\installClientInfo.dat
2024-05-28 17:59:10,624 DEBUG:?:? - File not exists or incomplete file C:\Users\Sudha\AppData\Local\Temp\1716899350614\installClientInfo.dat,  deleting and starting download from scratch.
2024-05-28 17:59:10,654 DEBUG:?:? - http download: http://www.xilinx.com/direct/swhelp/installClientInfo.dat
2024-06-08 23:02:09,818 DEBUG:?:? - data\dynamic_resource_bundle.properties, does not exist
2024-06-08 23:02:10,042 DEBUG:?:? - Starting to listen
2024-06-08 23:02:10,413 DEBUG:?:? - Could not auto detect proxy settings
2024-06-08 23:02:10,423 DEBUG:?:? - XILINX_URL is set to  http://www.xilinx.com/direct/swhelp
2024-06-08 23:02:10,430 DEBUG:?:? - Will download http://www.xilinx.com/direct/swhelp/installClientInfo.dat
2024-06-08 23:02:10,431 DEBUG:?:? - Download to C:\Users\Sudha\AppData\Local\Temp\1717867930415\installClientInfo.dat
2024-06-08 23:02:10,432 DEBUG:?:? - File not exists or incomplete file C:\Users\Sudha\AppData\Local\Temp\1717867930415\installClientInfo.dat,  deleting and starting download from scratch.
2024-06-08 23:02:10,453 DEBUG:?:? - http download: http://www.xilinx.com/direct/swhelp/installClientInfo.dat
2024-06-13 02:30:28,094 DEBUG:?:? - data\dynamic_resource_bundle.properties, does not exist
2024-06-13 02:30:28,317 DEBUG:?:? - Starting to listen
2024-06-13 02:30:28,584 DEBUG:?:? - Could not auto detect proxy settings
2024-06-13 02:30:28,594 DEBUG:?:? - XILINX_URL is set to  http://www.xilinx.com/direct/swhelp
2024-06-13 02:30:28,601 DEBUG:?:? - Will download http://www.xilinx.com/direct/swhelp/installClientInfo.dat
2024-06-13 02:30:28,601 DEBUG:?:? - Download to C:\Users\Sudha\AppData\Local\Temp\1718226028584\installClientInfo.dat
2024-06-13 02:30:28,603 DEBUG:?:? - File not exists or incomplete file C:\Users\Sudha\AppData\Local\Temp\1718226028584\installClientInfo.dat,  deleting and starting download from scratch.
2024-06-13 02:30:28,617 DEBUG:?:? - http download: http://www.xilinx.com/direct/swhelp/installClientInfo.dat
2024-07-13 14:12:59,128 DEBUG:?:? - data\dynamic_resource_bundle.properties, does not exist
2024-07-13 14:12:59,288 DEBUG:?:? - Starting to listen
2024-07-13 14:12:59,468 DEBUG:?:? - Could not auto detect proxy settings
2024-07-13 14:12:59,468 DEBUG:?:? - XILINX_URL is set to  http://www.xilinx.com/direct/swhelp
2024-07-13 14:12:59,478 DEBUG:?:? - Will download http://www.xilinx.com/direct/swhelp/installClientInfo.dat
2024-07-13 14:12:59,478 DEBUG:?:? - Download to C:\Users\Sudha\AppData\Local\Temp\1720860179468\installClientInfo.dat
2024-07-13 14:12:59,478 DEBUG:?:? - File not exists or incomplete file C:\Users\Sudha\AppData\Local\Temp\1720860179468\installClientInfo.dat,  deleting and starting download from scratch.
2024-07-13 14:12:59,488 DEBUG:?:? - http download: http://www.xilinx.com/direct/swhelp/installClientInfo.dat
2024-07-25 20:52:24,017 DEBUG:?:? - data\dynamic_resource_bundle.properties, does not exist
2024-07-25 20:52:24,556 DEBUG:?:? - Starting to listen
2024-07-25 20:52:25,192 DEBUG:?:? - Could not auto detect proxy settings
2024-07-25 20:52:25,202 DEBUG:?:? - XILINX_URL is set to  http://www.xilinx.com/direct/swhelp
2024-07-25 20:52:25,216 DEBUG:?:? - Will download http://www.xilinx.com/direct/swhelp/installClientInfo.dat
2024-07-25 20:52:25,217 DEBUG:?:? - Download to C:\Users\Sudha\AppData\Local\Temp\1721920945194\installClientInfo.dat
2024-07-25 20:52:25,218 DEBUG:?:? - File not exists or incomplete file C:\Users\Sudha\AppData\Local\Temp\1721920945194\installClientInfo.dat,  deleting and starting download from scratch.
2024-07-25 20:52:25,252 DEBUG:?:? - http download: http://www.xilinx.com/direct/swhelp/installClientInfo.dat
2024-07-27 11:30:56,869 DEBUG:?:? - data\dynamic_resource_bundle.properties, does not exist
2024-07-27 11:30:57,219 DEBUG:?:? - Starting to listen
2024-07-27 11:30:57,529 DEBUG:?:? - Could not auto detect proxy settings
2024-07-27 11:30:57,529 DEBUG:?:? - XILINX_URL is set to  http://www.xilinx.com/direct/swhelp
2024-07-27 11:30:57,539 DEBUG:?:? - Will download http://www.xilinx.com/direct/swhelp/installClientInfo.dat
2024-07-27 11:30:57,539 DEBUG:?:? - Download to C:\Users\Sudha\AppData\Local\Temp\1722060057529\installClientInfo.dat
2024-07-27 11:30:57,539 DEBUG:?:? - File not exists or incomplete file C:\Users\Sudha\AppData\Local\Temp\1722060057529\installClientInfo.dat,  deleting and starting download from scratch.
2024-07-27 11:30:57,559 DEBUG:?:? - http download: http://www.xilinx.com/direct/swhelp/installClientInfo.dat
2024-07-31 13:38:41,604 DEBUG:?:? - data\dynamic_resource_bundle.properties, does not exist
2024-07-31 13:38:41,774 DEBUG:?:? - Starting to listen
2024-07-31 13:38:41,974 DEBUG:?:? - Could not auto detect proxy settings
2024-07-31 13:38:41,984 DEBUG:?:? - XILINX_URL is set to  http://www.xilinx.com/direct/swhelp
2024-07-31 13:38:41,984 DEBUG:?:? - Will download http://www.xilinx.com/direct/swhelp/installClientInfo.dat
2024-07-31 13:38:41,984 DEBUG:?:? - Download to C:\Users\Sudha\AppData\Local\Temp\1722413321974\installClientInfo.dat
2024-07-31 13:38:41,984 DEBUG:?:? - File not exists or incomplete file C:\Users\Sudha\AppData\Local\Temp\1722413321974\installClientInfo.dat,  deleting and starting download from scratch.
2024-07-31 13:38:41,994 DEBUG:?:? - http download: http://www.xilinx.com/direct/swhelp/installClientInfo.dat
2024-08-03 12:38:40,629 DEBUG:?:? - data\dynamic_resource_bundle.properties, does not exist
2024-08-03 12:38:40,920 DEBUG:?:? - Starting to listen
2024-08-03 12:38:41,220 DEBUG:?:? - Could not auto detect proxy settings
2024-08-03 12:38:41,230 DEBUG:?:? - XILINX_URL is set to  http://www.xilinx.com/direct/swhelp
2024-08-03 12:38:41,240 DEBUG:?:? - Will download http://www.xilinx.com/direct/swhelp/installClientInfo.dat
2024-08-03 12:38:41,240 DEBUG:?:? - Download to C:\Users\Sudha\AppData\Local\Temp\1722668921230\installClientInfo.dat
2024-08-03 12:38:41,240 DEBUG:?:? - File not exists or incomplete file C:\Users\Sudha\AppData\Local\Temp\1722668921230\installClientInfo.dat,  deleting and starting download from scratch.
2024-08-03 12:38:41,260 DEBUG:?:? - http download: http://www.xilinx.com/direct/swhelp/installClientInfo.dat
2024-08-06 16:57:15,226 DEBUG:?:? - data\dynamic_resource_bundle.properties, does not exist
2024-08-06 16:57:15,436 DEBUG:?:? - Starting to listen
2024-08-06 16:57:15,656 DEBUG:?:? - Could not auto detect proxy settings
2024-08-06 16:57:15,656 DEBUG:?:? - XILINX_URL is set to  http://www.xilinx.com/direct/swhelp
2024-08-06 16:57:15,666 DEBUG:?:? - Will download http://www.xilinx.com/direct/swhelp/installClientInfo.dat
2024-08-06 16:57:15,666 DEBUG:?:? - Download to C:\Users\Sudha\AppData\Local\Temp\1722943635656\installClientInfo.dat
2024-08-06 16:57:15,666 DEBUG:?:? - File not exists or incomplete file C:\Users\Sudha\AppData\Local\Temp\1722943635656\installClientInfo.dat,  deleting and starting download from scratch.
2024-08-06 16:57:15,676 DEBUG:?:? - http download: http://www.xilinx.com/direct/swhelp/installClientInfo.dat
2024-08-06 16:57:15,696 DEBUG:?:? - Checking error to find out what to do with it.
k.e: UnknownHostException/NoRouteToHostException: http://www.xilinx.com/direct/swhelp/installClientInfo.dat
	at k.l.l(Unknown Source)
	at k.l.c(Unknown Source)
	at k.b.m(Unknown Source)
	at k.b.b(Unknown Source)
	at k.b.h(Unknown Source)
	at com.xilinx.xic.R.run(Unknown Source)
2024-08-06 16:57:15,696 ERROR:?:? - UnknownHostException/NoRouteToHostException: http://www.xilinx.com/direct/swhelp/installClientInfo.dat
2024-08-06 16:57:15,696 DEBUG:?:? - Unknown host exception: Proxy host is null!
2024-08-06 16:57:15,696 DEBUG:?:? - Reset proxy to direct connect
2024-08-06 16:57:15,696 DEBUG:?:? - Download to C:\Users\Sudha\AppData\Local\Temp\1722943635696\installClientInfo.dat
2024-08-06 16:57:15,696 DEBUG:?:? - File not exists or incomplete file C:\Users\Sudha\AppData\Local\Temp\1722943635696\installClientInfo.dat,  deleting and starting download from scratch.
2024-08-06 16:57:15,696 DEBUG:?:? - http download: http://www.xilinx.com/direct/swhelp/installClientInfo.dat
2024-08-06 16:57:15,706 DEBUG:?:? - Checking error to find out what to do with it.
k.e: UnknownHostException/NoRouteToHostException: http://www.xilinx.com/direct/swhelp/installClientInfo.dat
	at k.l.l(Unknown Source)
	at k.l.c(Unknown Source)
	at k.b.m(Unknown Source)
	at k.b.a(Unknown Source)
	at k.b.h(Unknown Source)
	at com.xilinx.xic.R.run(Unknown Source)
2024-08-06 16:57:15,706 ERROR:?:? - UnknownHostException/NoRouteToHostException: http://www.xilinx.com/direct/swhelp/installClientInfo.dat
2024-08-15 05:19:14,894 DEBUG:?:? - data\dynamic_resource_bundle.properties, does not exist
2024-08-15 05:19:15,538 DEBUG:?:? - Starting to listen
2024-08-15 05:19:16,020 DEBUG:?:? - Could not auto detect proxy settings
2024-08-15 05:19:16,031 DEBUG:?:? - XILINX_URL is set to  http://www.xilinx.com/direct/swhelp
2024-08-15 05:19:16,040 DEBUG:?:? - Will download http://www.xilinx.com/direct/swhelp/installClientInfo.dat
2024-08-15 05:19:16,041 DEBUG:?:? - Download to C:\Users\Sudha\AppData\Local\Temp\1723679356023\installClientInfo.dat
2024-08-15 05:19:16,042 DEBUG:?:? - File not exists or incomplete file C:\Users\Sudha\AppData\Local\Temp\1723679356023\installClientInfo.dat,  deleting and starting download from scratch.
2024-08-15 05:19:16,072 DEBUG:?:? - http download: http://www.xilinx.com/direct/swhelp/installClientInfo.dat
2024-08-15 05:19:16,088 DEBUG:?:? - Checking error to find out what to do with it.
k.e: UnknownHostException/NoRouteToHostException: http://www.xilinx.com/direct/swhelp/installClientInfo.dat
	at k.l.l(Unknown Source)
	at k.l.c(Unknown Source)
	at k.b.m(Unknown Source)
	at k.b.b(Unknown Source)
	at k.b.h(Unknown Source)
	at com.xilinx.xic.R.run(Unknown Source)
2024-08-15 05:19:16,089 ERROR:?:? - UnknownHostException/NoRouteToHostException: http://www.xilinx.com/direct/swhelp/installClientInfo.dat
2024-08-15 05:19:16,090 DEBUG:?:? - Unknown host exception: Proxy host is null!
2024-08-15 05:19:16,096 DEBUG:?:? - Reset proxy to direct connect
2024-08-15 05:19:16,101 DEBUG:?:? - Download to C:\Users\Sudha\AppData\Local\Temp\1723679356097\installClientInfo.dat
2024-08-15 05:19:16,102 DEBUG:?:? - File not exists or incomplete file C:\Users\Sudha\AppData\Local\Temp\1723679356097\installClientInfo.dat,  deleting and starting download from scratch.
2024-08-15 05:19:16,106 DEBUG:?:? - http download: http://www.xilinx.com/direct/swhelp/installClientInfo.dat
2024-08-15 05:19:16,107 DEBUG:?:? - Checking error to find out what to do with it.
k.e: UnknownHostException/NoRouteToHostException: http://www.xilinx.com/direct/swhelp/installClientInfo.dat
	at k.l.l(Unknown Source)
	at k.l.c(Unknown Source)
	at k.b.m(Unknown Source)
	at k.b.a(Unknown Source)
	at k.b.h(Unknown Source)
	at com.xilinx.xic.R.run(Unknown Source)
2024-08-15 05:19:16,108 ERROR:?:? - UnknownHostException/NoRouteToHostException: http://www.xilinx.com/direct/swhelp/installClientInfo.dat
2024-08-15 22:54:29,202 DEBUG:?:? - data\dynamic_resource_bundle.properties, does not exist
2024-08-15 22:54:29,583 DEBUG:?:? - Starting to listen
2024-08-15 23:12:09,233 DEBUG:?:? - data\dynamic_resource_bundle.properties, does not exist
2024-08-15 23:12:09,633 DEBUG:?:? - Starting to listen
2024-08-16 13:51:50,128 DEBUG:?:? - data\dynamic_resource_bundle.properties, does not exist
2024-08-16 13:51:51,004 DEBUG:?:? - Starting to listen
2024-08-16 13:51:52,577 DEBUG:?:? - Could not auto detect proxy settings
2024-08-16 13:51:52,583 DEBUG:?:? - XILINX_URL is set to  http://www.xilinx.com/direct/swhelp
2024-08-16 13:51:52,609 DEBUG:?:? - Will download http://www.xilinx.com/direct/swhelp/installClientInfo.dat
2024-08-16 13:51:52,610 DEBUG:?:? - Download to C:\Users\Sudha\AppData\Local\Temp\1723796512581\installClientInfo.dat
2024-08-16 13:51:52,613 DEBUG:?:? - File not exists or incomplete file C:\Users\Sudha\AppData\Local\Temp\1723796512581\installClientInfo.dat,  deleting and starting download from scratch.
2024-08-16 13:51:52,659 DEBUG:?:? - http download: http://www.xilinx.com/direct/swhelp/installClientInfo.dat
2024-08-17 00:52:49,069 DEBUG:?:? - data\dynamic_resource_bundle.properties, does not exist
2024-08-17 00:52:49,320 DEBUG:?:? - Starting to listen
2024-08-17 00:52:49,600 DEBUG:?:? - Could not auto detect proxy settings
2024-08-17 00:52:49,610 DEBUG:?:? - XILINX_URL is set to  http://www.xilinx.com/direct/swhelp
2024-08-17 00:52:49,610 DEBUG:?:? - Will download http://www.xilinx.com/direct/swhelp/installClientInfo.dat
2024-08-17 00:52:49,610 DEBUG:?:? - Download to C:\Users\Sudha\AppData\Local\Temp\1723836169600\installClientInfo.dat
2024-08-17 00:52:49,620 DEBUG:?:? - File not exists or incomplete file C:\Users\Sudha\AppData\Local\Temp\1723836169600\installClientInfo.dat,  deleting and starting download from scratch.
2024-08-17 00:52:49,640 DEBUG:?:? - http download: http://www.xilinx.com/direct/swhelp/installClientInfo.dat
2024-08-18 23:21:36,965 DEBUG:?:? - data\dynamic_resource_bundle.properties, does not exist
2024-08-18 23:21:37,145 DEBUG:?:? - Starting to listen
2024-08-18 23:21:37,645 DEBUG:?:? - Could not auto detect proxy settings
2024-08-18 23:21:37,645 DEBUG:?:? - XILINX_URL is set to  http://www.xilinx.com/direct/swhelp
2024-08-18 23:21:37,655 DEBUG:?:? - Will download http://www.xilinx.com/direct/swhelp/installClientInfo.dat
2024-08-18 23:21:37,655 DEBUG:?:? - Download to C:\Users\Sudha\AppData\Local\Temp\1724003497645\installClientInfo.dat
2024-08-18 23:21:37,655 DEBUG:?:? - File not exists or incomplete file C:\Users\Sudha\AppData\Local\Temp\1724003497645\installClientInfo.dat,  deleting and starting download from scratch.
2024-08-18 23:21:37,665 DEBUG:?:? - http download: http://www.xilinx.com/direct/swhelp/installClientInfo.dat
2024-08-21 18:47:21,099 DEBUG:?:? - data\dynamic_resource_bundle.properties, does not exist
2024-08-21 18:47:21,339 DEBUG:?:? - Starting to listen
2024-08-21 18:47:21,599 DEBUG:?:? - Could not auto detect proxy settings
2024-08-21 18:47:21,599 DEBUG:?:? - XILINX_URL is set to  http://www.xilinx.com/direct/swhelp
2024-08-21 18:47:21,609 DEBUG:?:? - Will download http://www.xilinx.com/direct/swhelp/installClientInfo.dat
2024-08-21 18:47:21,609 DEBUG:?:? - Download to C:\Users\Sudha\AppData\Local\Temp\1724246241599\installClientInfo.dat
2024-08-21 18:47:21,609 DEBUG:?:? - File not exists or incomplete file C:\Users\Sudha\AppData\Local\Temp\1724246241599\installClientInfo.dat,  deleting and starting download from scratch.
2024-08-21 18:47:21,629 DEBUG:?:? - http download: http://www.xilinx.com/direct/swhelp/installClientInfo.dat
2024-08-21 18:47:21,639 DEBUG:?:? - Checking error to find out what to do with it.
k.e: UnknownHostException/NoRouteToHostException: http://www.xilinx.com/direct/swhelp/installClientInfo.dat
	at k.l.l(Unknown Source)
	at k.l.c(Unknown Source)
	at k.b.m(Unknown Source)
	at k.b.b(Unknown Source)
	at k.b.h(Unknown Source)
	at com.xilinx.xic.R.run(Unknown Source)
2024-08-21 18:47:21,639 ERROR:?:? - UnknownHostException/NoRouteToHostException: http://www.xilinx.com/direct/swhelp/installClientInfo.dat
2024-08-21 18:47:21,639 DEBUG:?:? - Unknown host exception: Proxy host is null!
2024-08-21 18:47:21,649 DEBUG:?:? - Reset proxy to direct connect
2024-08-21 18:47:21,649 DEBUG:?:? - Download to C:\Users\Sudha\AppData\Local\Temp\1724246241649\installClientInfo.dat
2024-08-21 18:47:21,649 DEBUG:?:? - File not exists or incomplete file C:\Users\Sudha\AppData\Local\Temp\1724246241649\installClientInfo.dat,  deleting and starting download from scratch.
2024-08-21 18:47:21,649 DEBUG:?:? - http download: http://www.xilinx.com/direct/swhelp/installClientInfo.dat
2024-08-21 18:47:21,649 DEBUG:?:? - Checking error to find out what to do with it.
k.e: UnknownHostException/NoRouteToHostException: http://www.xilinx.com/direct/swhelp/installClientInfo.dat
	at k.l.l(Unknown Source)
	at k.l.c(Unknown Source)
	at k.b.m(Unknown Source)
	at k.b.a(Unknown Source)
	at k.b.h(Unknown Source)
	at com.xilinx.xic.R.run(Unknown Source)
2024-08-21 18:47:21,649 ERROR:?:? - UnknownHostException/NoRouteToHostException: http://www.xilinx.com/direct/swhelp/installClientInfo.dat
2024-08-23 01:18:18,863 DEBUG:?:? - data\dynamic_resource_bundle.properties, does not exist
2024-08-23 01:18:19,083 DEBUG:?:? - Starting to listen
2024-08-23 01:18:19,383 DEBUG:?:? - Could not auto detect proxy settings
2024-08-23 01:18:19,383 DEBUG:?:? - XILINX_URL is set to  http://www.xilinx.com/direct/swhelp
2024-08-23 01:18:19,393 DEBUG:?:? - Will download http://www.xilinx.com/direct/swhelp/installClientInfo.dat
2024-08-23 01:18:19,393 DEBUG:?:? - Download to C:\Users\Sudha\AppData\Local\Temp\1724356099383\installClientInfo.dat
2024-08-23 01:18:19,393 DEBUG:?:? - File not exists or incomplete file C:\Users\Sudha\AppData\Local\Temp\1724356099383\installClientInfo.dat,  deleting and starting download from scratch.
2024-08-23 01:18:19,423 DEBUG:?:? - http download: http://www.xilinx.com/direct/swhelp/installClientInfo.dat
2024-08-23 22:33:09,123 DEBUG:?:? - data\dynamic_resource_bundle.properties, does not exist
2024-08-23 22:33:09,453 DEBUG:?:? - Starting to listen
2024-08-23 22:33:09,843 DEBUG:?:? - Could not auto detect proxy settings
2024-08-23 22:33:09,863 DEBUG:?:? - XILINX_URL is set to  http://www.xilinx.com/direct/swhelp
2024-08-23 22:33:09,871 DEBUG:?:? - Will download http://www.xilinx.com/direct/swhelp/installClientInfo.dat
2024-08-23 22:33:09,871 DEBUG:?:? - Download to C:\Users\Sudha\AppData\Local\Temp\1724432589843\installClientInfo.dat
2024-08-23 22:33:09,873 DEBUG:?:? - File not exists or incomplete file C:\Users\Sudha\AppData\Local\Temp\1724432589843\installClientInfo.dat,  deleting and starting download from scratch.
2024-08-23 22:33:09,893 DEBUG:?:? - http download: http://www.xilinx.com/direct/swhelp/installClientInfo.dat
2024-08-23 22:33:09,903 DEBUG:?:? - Checking error to find out what to do with it.
k.e: UnknownHostException/NoRouteToHostException: http://www.xilinx.com/direct/swhelp/installClientInfo.dat
	at k.l.l(Unknown Source)
	at k.l.c(Unknown Source)
	at k.b.m(Unknown Source)
	at k.b.b(Unknown Source)
	at k.b.h(Unknown Source)
	at com.xilinx.xic.R.run(Unknown Source)
2024-08-23 22:33:09,903 ERROR:?:? - UnknownHostException/NoRouteToHostException: http://www.xilinx.com/direct/swhelp/installClientInfo.dat
2024-08-23 22:33:09,903 DEBUG:?:? - Unknown host exception: Proxy host is null!
2024-08-23 22:33:09,913 DEBUG:?:? - Reset proxy to direct connect
2024-08-23 22:33:09,913 DEBUG:?:? - Download to C:\Users\Sudha\AppData\Local\Temp\1724432589913\installClientInfo.dat
2024-08-23 22:33:09,913 DEBUG:?:? - File not exists or incomplete file C:\Users\Sudha\AppData\Local\Temp\1724432589913\installClientInfo.dat,  deleting and starting download from scratch.
2024-08-23 22:33:09,913 DEBUG:?:? - http download: http://www.xilinx.com/direct/swhelp/installClientInfo.dat
2024-08-23 22:33:09,923 DEBUG:?:? - Checking error to find out what to do with it.
k.e: UnknownHostException/NoRouteToHostException: http://www.xilinx.com/direct/swhelp/installClientInfo.dat
	at k.l.l(Unknown Source)
	at k.l.c(Unknown Source)
	at k.b.m(Unknown Source)
	at k.b.a(Unknown Source)
	at k.b.h(Unknown Source)
	at com.xilinx.xic.R.run(Unknown Source)
2024-08-23 22:33:09,923 ERROR:?:? - UnknownHostException/NoRouteToHostException: http://www.xilinx.com/direct/swhelp/installClientInfo.dat
2024-09-08 19:03:24,890 DEBUG:?:? - data\dynamic_resource_bundle.properties, does not exist
2024-09-08 19:03:25,088 DEBUG:?:? - Starting to listen
2024-09-08 19:03:25,344 DEBUG:?:? - Could not auto detect proxy settings
2024-09-08 19:03:25,354 DEBUG:?:? - XILINX_URL is set to  http://www.xilinx.com/direct/swhelp
2024-09-08 19:03:25,354 DEBUG:?:? - Will download http://www.xilinx.com/direct/swhelp/installClientInfo.dat
2024-09-08 19:03:25,364 DEBUG:?:? - Download to C:\Users\Sudha\AppData\Local\Temp\1725802405344\installClientInfo.dat
2024-09-08 19:03:25,364 DEBUG:?:? - File not exists or incomplete file C:\Users\Sudha\AppData\Local\Temp\1725802405344\installClientInfo.dat,  deleting and starting download from scratch.
2024-09-08 19:03:25,384 DEBUG:?:? - http download: http://www.xilinx.com/direct/swhelp/installClientInfo.dat
2024-09-12 12:01:15,037 DEBUG:?:? - data\dynamic_resource_bundle.properties, does not exist
2024-09-12 12:01:15,267 DEBUG:?:? - Starting to listen
2024-09-12 12:01:15,617 DEBUG:?:? - Could not auto detect proxy settings
2024-09-12 12:01:15,627 DEBUG:?:? - XILINX_URL is set to  http://www.xilinx.com/direct/swhelp
2024-09-12 12:01:15,637 DEBUG:?:? - Will download http://www.xilinx.com/direct/swhelp/installClientInfo.dat
2024-09-12 12:01:15,637 DEBUG:?:? - Download to C:\Users\Sudha\AppData\Local\Temp\1726122675617\installClientInfo.dat
2024-09-12 12:01:15,637 DEBUG:?:? - File not exists or incomplete file C:\Users\Sudha\AppData\Local\Temp\1726122675617\installClientInfo.dat,  deleting and starting download from scratch.
2024-09-12 12:01:15,667 DEBUG:?:? - http download: http://www.xilinx.com/direct/swhelp/installClientInfo.dat
2024-09-20 20:26:52,817 DEBUG:?:? - data\dynamic_resource_bundle.properties, does not exist
2024-09-20 20:26:53,151 DEBUG:?:? - Starting to listen
2024-09-20 20:26:53,536 DEBUG:?:? - Could not auto detect proxy settings
2024-09-20 20:26:53,543 DEBUG:?:? - XILINX_URL is set to  http://www.xilinx.com/direct/swhelp
2024-09-20 20:26:53,553 DEBUG:?:? - Will download http://www.xilinx.com/direct/swhelp/installClientInfo.dat
2024-09-20 20:26:53,553 DEBUG:?:? - Download to C:\Users\Sudha\AppData\Local\Temp\1726844213536\installClientInfo.dat
2024-09-20 20:26:53,553 DEBUG:?:? - File not exists or incomplete file C:\Users\Sudha\AppData\Local\Temp\1726844213536\installClientInfo.dat,  deleting and starting download from scratch.
2024-09-20 20:26:53,583 DEBUG:?:? - http download: http://www.xilinx.com/direct/swhelp/installClientInfo.dat
2024-09-21 01:19:14,831 DEBUG:?:? - data\dynamic_resource_bundle.properties, does not exist
2024-09-21 01:19:15,051 DEBUG:?:? - Starting to listen
2024-09-21 01:19:15,301 DEBUG:?:? - Could not auto detect proxy settings
2024-09-21 01:19:15,311 DEBUG:?:? - XILINX_URL is set to  http://www.xilinx.com/direct/swhelp
2024-09-21 01:19:15,311 DEBUG:?:? - Will download http://www.xilinx.com/direct/swhelp/installClientInfo.dat
2024-09-21 01:19:15,311 DEBUG:?:? - Download to C:\Users\Sudha\AppData\Local\Temp\1726861755301\installClientInfo.dat
2024-09-21 01:19:15,311 DEBUG:?:? - File not exists or incomplete file C:\Users\Sudha\AppData\Local\Temp\1726861755301\installClientInfo.dat,  deleting and starting download from scratch.
2024-09-21 01:19:15,331 DEBUG:?:? - http download: http://www.xilinx.com/direct/swhelp/installClientInfo.dat
2024-09-26 14:32:25,400 DEBUG:?:? - data\dynamic_resource_bundle.properties, does not exist
2024-09-26 14:32:25,883 DEBUG:?:? - Starting to listen
2024-09-26 14:32:26,273 DEBUG:?:? - Could not auto detect proxy settings
2024-09-26 14:32:26,288 DEBUG:?:? - XILINX_URL is set to  http://www.xilinx.com/direct/swhelp
2024-09-26 14:32:26,298 DEBUG:?:? - Will download http://www.xilinx.com/direct/swhelp/installClientInfo.dat
2024-09-26 14:32:26,300 DEBUG:?:? - Download to C:\Users\Sudha\AppData\Local\Temp\1727341346279\installClientInfo.dat
2024-09-26 14:32:26,300 DEBUG:?:? - File not exists or incomplete file C:\Users\Sudha\AppData\Local\Temp\1727341346279\installClientInfo.dat,  deleting and starting download from scratch.
2024-09-26 14:32:26,328 DEBUG:?:? - http download: http://www.xilinx.com/direct/swhelp/installClientInfo.dat
